funkcje systemowe działają wolniej od bibliotecznych
zwłaszcza na małych blokach, które są bardzo liczne, wraz ze spadkiem ilości
bloków i wzrostem ich rozmiaru wyniki osiągane przez funkcje systemowe stają
się bliższe tym bibliotecznym. W sortowaniu głównym czynnikiem wpływającym na
czas nie jest wielkość bloku lecz ich ilość. złożoność insert sortu (n^2).
Lecz również funkcje biblioteczne radzą sobie znacznie gorzej jeśli bloki są
małe.

+++++++++++++++++++++++++++
LIB_VER:
	BLOCK_SIZE: 4 RECORDS_NUMBER: 10000000
COPY
REAL: 0.377250  USER: 0.027922  SYSTEM: 0.347930
+++++++++++++++++++++++++++
SYS_VER:
	BLOCK_SIZE: 4 RECORDS_NUMBER: 10000000
COPY
REAL: 18.215419  USER: 15.758230  SYSTEM: 2.377574
+++++++++++++++++++++++++++
LIB_VER:
	BLOCK_SIZE: 4 RECORDS_NUMBER: 30000000
COPY
REAL: 1.151554  USER: 0.135697  SYSTEM: 0.989234
+++++++++++++++++++++++++++
SYS_VER:
	BLOCK_SIZE: 4 RECORDS_NUMBER: 30000000
COPY
REAL: 53.104865  USER: 45.830571  SYSTEM: 7.013398
+++++++++++++++++++++++++++
LIB_VER:
	BLOCK_SIZE: 512 RECORDS_NUMBER: 1000000
COPY
REAL: 4.622922  USER: 0.617105  SYSTEM: 0.119718
+++++++++++++++++++++++++++
SYS_VER:
	BLOCK_SIZE: 512 RECORDS_NUMBER: 1000000
COPY
REAL: 5.445103  USER: 2.504606  SYSTEM: 0.225595
+++++++++++++++++++++++++++
LIB_VER:
	BLOCK_SIZE: 512 RECORDS_NUMBER: 3000000
COPY
REAL: 14.854545  USER: 1.941520  SYSTEM: 0.393211
+++++++++++++++++++++++++++
SYS_VER:
	BLOCK_SIZE: 512 RECORDS_NUMBER: 3000000
COPY
REAL: 13.492442  USER: 5.655945  SYSTEM: 0.627922
+++++++++++++++++++++++++++
LIB_VER:
	BLOCK_SIZE: 4096 RECORDS_NUMBER: 100000
COPY
REAL: 2.019934  USER: 0.599751  SYSTEM: 0.040365
+++++++++++++++++++++++++++
SYS_VER:
	BLOCK_SIZE: 4096 RECORDS_NUMBER: 100000
COPY
REAL: 3.777844  USER: 0.647310  SYSTEM: 0.021203
+++++++++++++++++++++++++++
LIB_VER:
	BLOCK_SIZE: 4096 RECORDS_NUMBER: 300000
COPY
REAL: 11.277833  USER: 1.320493  SYSTEM: 0.129410
+++++++++++++++++++++++++++
SYS_VER:
	BLOCK_SIZE: 4096 RECORDS_NUMBER: 300000
COPY
REAL: 13.204434  USER: 1.836294  SYSTEM: 0.084592
+++++++++++++++++++++++++++
LIB_VER:
	BLOCK_SIZE: 8192 RECORDS_NUMBER: 100000
COPY
REAL: 6.857001  USER: 0.940145  SYSTEM: 0.070982
+++++++++++++++++++++++++++
SYS_VER:
	BLOCK_SIZE: 8192 RECORDS_NUMBER: 100000
COPY
REAL: 7.891150  USER: 0.949989  SYSTEM: 0.026700
+++++++++++++++++++++++++++
LIB_VER:
	BLOCK_SIZE: 8192 RECORDS_NUMBER: 300000
COPY
REAL: 23.079710  USER: 2.680418  SYSTEM: 0.227857
+++++++++++++++++++++++++++
SYS_VER:
	BLOCK_SIZE: 8192 RECORDS_NUMBER: 300000
COPY
REAL: 28.452307  USER: 3.144698  SYSTEM: 0.074594
+++++++++++++++++++++++++++
LIB_VER:
	BLOCK_SIZE: 4 RECORDS_NUMBER: 1000
COPY
REAL: 0.050453  USER: 0.048858  SYSTEM: 0.000000
+++++++++++++++++++++++++++
SYS_VER:
	BLOCK_SIZE: 4 RECORDS_NUMBER: 1000
SORT
REAL: 0.358988  USER: 0.269748  SYSTEM: 0.087329
+++++++++++++++++++++++++++
LIB_VER:
	BLOCK_SIZE: 4 RECORDS_NUMBER: 1000
SORT
REAL: 0.006288  USER: 0.005440  SYSTEM: 0.000792
+++++++++++++++++++++++++++
LIB_VER:
	BLOCK_SIZE: 4 RECORDS_NUMBER: 5000
COPY
REAL: 0.000951  USER: 0.000191  SYSTEM: 0.000743
+++++++++++++++++++++++++++
SYS_VER:
	BLOCK_SIZE: 4 RECORDS_NUMBER: 5000
SORT
REAL: 8.734570  USER: 7.006207  SYSTEM: 1.703650
+++++++++++++++++++++++++++
LIB_VER:
	BLOCK_SIZE: 4 RECORDS_NUMBER: 5000
SORT
REAL: 13.009166  USER: 9.663166  SYSTEM: 3.275334
+++++++++++++++++++++++++++
LIB_VER:
	BLOCK_SIZE: 512 RECORDS_NUMBER: 1000
COPY
REAL: 0.001371  USER: 0.001361  SYSTEM: 0.000000
+++++++++++++++++++++++++++
SYS_VER:
	BLOCK_SIZE: 512 RECORDS_NUMBER: 1000
SORT
REAL: 0.399567  USER: 0.326320  SYSTEM: 0.071733
+++++++++++++++++++++++++++
LIB_VER:
	BLOCK_SIZE: 512 RECORDS_NUMBER: 1000
SORT
REAL: 0.555439  USER: 0.419802  SYSTEM: 0.132040
+++++++++++++++++++++++++++
LIB_VER:
	BLOCK_SIZE: 512 RECORDS_NUMBER: 5000
COPY
REAL: 0.007493  USER: 0.007367  SYSTEM: 0.000000
+++++++++++++++++++++++++++
SYS_VER:
	BLOCK_SIZE: 512 RECORDS_NUMBER: 5000
SORT
REAL: 9.502105  USER: 7.706433  SYSTEM: 1.766403
+++++++++++++++++++++++++++
LIB_VER:
	BLOCK_SIZE: 512 RECORDS_NUMBER: 5000
SORT
REAL: 13.218122  USER: 9.819485  SYSTEM: 3.356035
+++++++++++++++++++++++++++
LIB_VER:
	BLOCK_SIZE: 4096 RECORDS_NUMBER: 1000
COPY
REAL: 0.005263  USER: 0.003663  SYSTEM: 0.001554
+++++++++++++++++++++++++++
SYS_VER:
	BLOCK_SIZE: 4096 RECORDS_NUMBER: 1000
SORT
REAL: 0.546811  USER: 0.471173  SYSTEM: 0.072316
+++++++++++++++++++++++++++
LIB_VER:
	BLOCK_SIZE: 4096 RECORDS_NUMBER: 1000
SORT
REAL: 0.568887  USER: 0.464218  SYSTEM: 0.102391
+++++++++++++++++++++++++++
LIB_VER:
	BLOCK_SIZE: 4096 RECORDS_NUMBER: 5000
COPY
REAL: 0.024542  USER: 0.020336  SYSTEM: 0.003697
+++++++++++++++++++++++++++
SYS_VER:
	BLOCK_SIZE: 4096 RECORDS_NUMBER: 5000
SORT
REAL: 13.457558  USER: 11.671419  SYSTEM: 1.724948
+++++++++++++++++++++++++++
LIB_VER:
	BLOCK_SIZE: 4096 RECORDS_NUMBER: 5000
SORT
REAL: 14.751799  USER: 12.197918  SYSTEM: 2.476166
+++++++++++++++++++++++++++
LIB_VER:
	BLOCK_SIZE: 8192 RECORDS_NUMBER: 1000
COPY
REAL: 0.013978  USER: 0.013028  SYSTEM: 0.000798
+++++++++++++++++++++++++++
SYS_VER:
	BLOCK_SIZE: 8192 RECORDS_NUMBER: 1000
SORT
REAL: 0.854288  USER: 0.758286  SYSTEM: 0.089917
+++++++++++++++++++++++++++
LIB_VER:
	BLOCK_SIZE: 8192 RECORDS_NUMBER: 1000
SORT
REAL: 0.860448  USER: 0.745260  SYSTEM: 0.111159
+++++++++++++++++++++++++++
LIB_VER:
	BLOCK_SIZE: 8192 RECORDS_NUMBER: 5000
COPY
REAL: 0.053138  USER: 0.052681  SYSTEM: 0.000000
+++++++++++++++++++++++++++
SYS_VER:
	BLOCK_SIZE: 8192 RECORDS_NUMBER: 5000
SORT
REAL: 21.286876  USER: 19.486682  SYSTEM: 1.683673
+++++++++++++++++++++++++++
LIB_VER:
	BLOCK_SIZE: 8192 RECORDS_NUMBER: 5000
SORT
REAL: 22.267324  USER: 19.666253  SYSTEM: 2.473728
